<?xml version="1.0" encoding="UTF-8"?>
<!-- Generated by org.testng.reporters.JUnitReportReporter -->
<testsuite hostname="LAPTOP-QVJH7I2R" name="com.bbc.n.bbc.AppTest" tests="2" failures="0" timestamp="10 Mar 2018 12:40:04 GMT" time="7.762" errors="0">
  <testcase name="testDemo1" time="4.549" classname="com.bbc.n.bbc.AppTest"/>
  <testcase name="ChromeDemo" time="3.213" classname="com.bbc.n.bbc.AppTest"/>
</testsuite> <!-- com.bbc.n.bbc.AppTest -->
