<?xml version="1.0" encoding="UTF-8"?>
<!-- Generated by org.testng.reporters.JUnitReportReporter -->
<testsuite hostname="LAPTOP-QVJH7I2R" name="com.bbc.n.bbc.SeleniumDemo" tests="1" failures="0" timestamp="19 Mar 2018 12:31:13 GMT" time="10.854" errors="0">
  <testcase name="ChromeDemo" time="10.854" classname="com.bbc.n.bbc.SeleniumDemo"/>
</testsuite> <!-- com.bbc.n.bbc.SeleniumDemo -->
